<?xml version="1.0" encoding="UTF-8"?>
<!-- Generated by org.testng.reporters.JUnitReportReporter -->
<testsuite hostname="Rahul-PC" name="com.vestorly.verifications.Index" tests="1" failures="0" timestamp="20 Nov 2013 13:51:56 GMT" time="137.470" errors="0">
  <testcase name="signUpViaEmail" time="137.470" classname="com.vestorly.verifications.Index"/>
</testsuite> <!-- com.vestorly.verifications.Index -->
