<?xml version="1.0" encoding="UTF-8"?>
<!-- Generated by org.testng.reporters.JUnitReportReporter -->
<testsuite hostname="Rahul-PC" name="com.vestorly.verifications.Index" tests="1" failures="0" timestamp="20 Nov 2013 12:52:59 GMT" time="57.380" errors="0">
  <testcase name="signUpViaEmail" time="57.380" classname="com.vestorly.verifications.Index"/>
</testsuite> <!-- com.vestorly.verifications.Index -->
